
*** Running vivado
    with args -log cpuram.vds -m64 -product Vivado -mode batch -messageDb vivado.pb -notrace -source cpuram.tcl


****** Vivado v2017.2 (64-bit)
  **** SW Build 1909853 on Thu Jun 15 18:39:10 MDT 2017
  **** IP Build 1909766 on Thu Jun 15 19:58:00 MDT 2017
    ** Copyright 1986-2017 Xilinx, Inc. All Rights Reserved.

source cpuram.tcl -notrace
Starting RTL Elaboration : Time (s): cpu = 00:00:05 ; elapsed = 00:00:05 . Memory (MB): peak = 1156.160 ; gain = 55.996 ; free physical = 1662 ; free virtual = 5897
INFO: [Synth 8-638] synthesizing module 'cpuram' [/home/jason/Documents/EGR426/EGR-426-Project-3/cpu.srcs/sources_1/ip/cpuram/synth/cpuram.vhd:69]
INFO: [Synth 8-256] done synthesizing module 'cpuram' (9#1) [/home/jason/Documents/EGR426/EGR-426-Project-3/cpu.srcs/sources_1/ip/cpuram/synth/cpuram.vhd:69]
Finished RTL Elaboration : Time (s): cpu = 00:00:50 ; elapsed = 00:00:50 . Memory (MB): peak = 1357.027 ; gain = 256.863 ; free physical = 1630 ; free virtual = 5865
Finished RTL Optimization Phase 1 : Time (s): cpu = 00:00:50 ; elapsed = 00:00:50 . Memory (MB): peak = 1357.027 ; gain = 256.863 ; free physical = 1633 ; free virtual = 5868
INFO: [Device 21-403] Loading part xc7a35tcpg236-1
Constraint Validation Runtime : Time (s): cpu = 00:00:00.02 ; elapsed = 00:00:00.03 . Memory (MB): peak = 1438.043 ; gain = 0.000 ; free physical = 1415 ; free virtual = 5650
Finished Constraint Validation : Time (s): cpu = 00:00:59 ; elapsed = 00:01:00 . Memory (MB): peak = 1438.043 ; gain = 337.879 ; free physical = 1490 ; free virtual = 5725
Finished Loading Part and Timing Information : Time (s): cpu = 00:00:59 ; elapsed = 00:01:00 . Memory (MB): peak = 1438.043 ; gain = 337.879 ; free physical = 1492 ; free virtual = 5727
Finished applying 'set_property' XDC Constraints : Time (s): cpu = 00:00:59 ; elapsed = 00:01:00 . Memory (MB): peak = 1438.043 ; gain = 337.879 ; free physical = 1492 ; free virtual = 5727
Finished RTL Optimization Phase 2 : Time (s): cpu = 00:00:59 ; elapsed = 00:01:00 . Memory (MB): peak = 1438.043 ; gain = 337.879 ; free physical = 1483 ; free virtual = 5719
Finished Cross Boundary and Area Optimization : Time (s): cpu = 00:00:59 ; elapsed = 00:01:00 . Memory (MB): peak = 1438.043 ; gain = 337.879 ; free physical = 1483 ; free virtual = 5719
Finished Applying XDC Timing Constraints : Time (s): cpu = 00:01:06 ; elapsed = 00:01:07 . Memory (MB): peak = 1472.043 ; gain = 371.879 ; free physical = 1360 ; free virtual = 5595
Finished Timing Optimization : Time (s): cpu = 00:01:06 ; elapsed = 00:01:07 . Memory (MB): peak = 1472.043 ; gain = 371.879 ; free physical = 1360 ; free virtual = 5595
Finished Technology Mapping : Time (s): cpu = 00:01:06 ; elapsed = 00:01:07 . Memory (MB): peak = 1481.059 ; gain = 380.895 ; free physical = 1359 ; free virtual = 5595
Finished IO Insertion : Time (s): cpu = 00:01:07 ; elapsed = 00:01:07 . Memory (MB): peak = 1481.059 ; gain = 380.895 ; free physical = 1359 ; free virtual = 5595
Finished Renaming Generated Instances : Time (s): cpu = 00:01:07 ; elapsed = 00:01:07 . Memory (MB): peak = 1481.059 ; gain = 380.895 ; free physical = 1359 ; free virtual = 5595
Finished Rebuilding User Hierarchy : Time (s): cpu = 00:01:07 ; elapsed = 00:01:07 . Memory (MB): peak = 1481.059 ; gain = 380.895 ; free physical = 1359 ; free virtual = 5595
Finished Renaming Generated Ports : Time (s): cpu = 00:01:07 ; elapsed = 00:01:07 . Memory (MB): peak = 1481.059 ; gain = 380.895 ; free physical = 1359 ; free virtual = 5595
Finished Handling Custom Attributes : Time (s): cpu = 00:01:07 ; elapsed = 00:01:07 . Memory (MB): peak = 1481.059 ; gain = 380.895 ; free physical = 1359 ; free virtual = 5595
Finished Renaming Generated Nets : Time (s): cpu = 00:01:07 ; elapsed = 00:01:07 . Memory (MB): peak = 1481.059 ; gain = 380.895 ; free physical = 1359 ; free virtual = 5595

Report Cell Usage: 
+------+---------+------+
|      |Cell     |Count |
+------+---------+------+
|1     |RAMB18E1 |     1|
+------+---------+------+
Finished Writing Synthesis Report : Time (s): cpu = 00:01:07 ; elapsed = 00:01:07 . Memory (MB): peak = 1481.059 ; gain = 380.895 ; free physical = 1359 ; free virtual = 5595
synth_design: Time (s): cpu = 00:01:08 ; elapsed = 00:01:08 . Memory (MB): peak = 1486.059 ; gain = 398.480 ; free physical = 1388 ; free virtual = 5623
