
*** Running vivado
    with args -log cpuram.vds -m64 -product Vivado -mode batch -messageDb vivado.pb -notrace -source cpuram.tcl


****** Vivado v2017.2 (64-bit)
  **** SW Build 1909853 on Thu Jun 15 18:39:09 MDT 2017
  **** IP Build 1909766 on Thu Jun 15 19:58:00 MDT 2017
    ** Copyright 1986-2017 Xilinx, Inc. All Rights Reserved.

source cpuram.tcl -notrace
Starting RTL Elaboration : Time (s): cpu = 00:00:05 ; elapsed = 00:00:06 . Memory (MB): peak = 320.945 ; gain = 86.148
INFO: [Synth 8-638] synthesizing module 'cpuram' [c:/Users/Jason/Desktop/EGR 426/Project3/EGR-426-Project-3/cpu.srcs/sources_1/ip/cpuram/synth/cpuram.vhd:69]
INFO: [Synth 8-256] done synthesizing module 'cpuram' (9#1) [c:/Users/Jason/Desktop/EGR 426/Project3/EGR-426-Project-3/cpu.srcs/sources_1/ip/cpuram/synth/cpuram.vhd:69]
Finished RTL Elaboration : Time (s): cpu = 00:00:53 ; elapsed = 00:00:54 . Memory (MB): peak = 577.672 ; gain = 342.875
Finished RTL Optimization Phase 1 : Time (s): cpu = 00:00:53 ; elapsed = 00:00:54 . Memory (MB): peak = 577.672 ; gain = 342.875
INFO: [Device 21-403] Loading part xc7a35tcpg236-1
Constraint Validation Runtime : Time (s): cpu = 00:00:00 ; elapsed = 00:00:00.014 . Memory (MB): peak = 615.520 ; gain = 1.188
Finished Constraint Validation : Time (s): cpu = 00:01:02 ; elapsed = 00:01:04 . Memory (MB): peak = 615.520 ; gain = 380.723
Finished Loading Part and Timing Information : Time (s): cpu = 00:01:02 ; elapsed = 00:01:04 . Memory (MB): peak = 615.520 ; gain = 380.723
Finished applying 'set_property' XDC Constraints : Time (s): cpu = 00:01:02 ; elapsed = 00:01:04 . Memory (MB): peak = 615.520 ; gain = 380.723
Finished RTL Optimization Phase 2 : Time (s): cpu = 00:01:02 ; elapsed = 00:01:05 . Memory (MB): peak = 615.520 ; gain = 380.723
Finished Cross Boundary and Area Optimization : Time (s): cpu = 00:01:02 ; elapsed = 00:01:05 . Memory (MB): peak = 615.520 ; gain = 380.723
Finished Applying XDC Timing Constraints : Time (s): cpu = 00:01:13 ; elapsed = 00:01:15 . Memory (MB): peak = 670.285 ; gain = 435.488
Finished Timing Optimization : Time (s): cpu = 00:01:13 ; elapsed = 00:01:15 . Memory (MB): peak = 670.285 ; gain = 435.488
Finished Technology Mapping : Time (s): cpu = 00:01:13 ; elapsed = 00:01:15 . Memory (MB): peak = 679.820 ; gain = 445.023
Finished IO Insertion : Time (s): cpu = 00:01:13 ; elapsed = 00:01:16 . Memory (MB): peak = 679.820 ; gain = 445.023
Finished Renaming Generated Instances : Time (s): cpu = 00:01:13 ; elapsed = 00:01:16 . Memory (MB): peak = 679.820 ; gain = 445.023
Finished Rebuilding User Hierarchy : Time (s): cpu = 00:01:13 ; elapsed = 00:01:16 . Memory (MB): peak = 679.820 ; gain = 445.023
Finished Renaming Generated Ports : Time (s): cpu = 00:01:13 ; elapsed = 00:01:16 . Memory (MB): peak = 679.820 ; gain = 445.023
Finished Handling Custom Attributes : Time (s): cpu = 00:01:13 ; elapsed = 00:01:16 . Memory (MB): peak = 679.820 ; gain = 445.023
Finished Renaming Generated Nets : Time (s): cpu = 00:01:13 ; elapsed = 00:01:16 . Memory (MB): peak = 679.820 ; gain = 445.023

Report Cell Usage: 
+------+---------+------+
|      |Cell     |Count |
+------+---------+------+
|1     |RAMB18E1 |     1|
+------+---------+------+
Finished Writing Synthesis Report : Time (s): cpu = 00:01:13 ; elapsed = 00:01:16 . Memory (MB): peak = 679.820 ; gain = 445.023
synth_design: Time (s): cpu = 00:01:16 ; elapsed = 00:01:18 . Memory (MB): peak = 692.762 ; gain = 459.891
