Exception at PC 0x000007FEFD41A06D
Exception at PC 0x000007FEFD41A06D
Exception at PC 0x000007FEFD41A06D
Exception at PC 0x000007FEFD41A06D
Exception at PC 0x000007FEFD41A06D
Exception at PC 0x000007FEFD41A06D
Exception at PC 0x000007FEFD41A06D
Exception at PC 0x000007FEFD41A06D
Exception at PC 0x000007FEFD41A06D
Exception at PC 0x000007FEC1E2BB93
Printing stacktrace...

Exception at PC 0x000007FEFD41A06D
Exception at PC 0x000007FEFD41A06D
Exception at PC 0x000007FEFD41A06D
Exception at PC 0x000007FEFD41A06D
Exception at PC 0x000007FEFD41A06D
Exception at PC 0x000007FEFD41A06D
Exception at PC 0x000007FEFD41A06D
Exception at PC 0x000007FEFD41A06D
Exception at PC 0x000007FEFD41A06D
[0]  [0x000007FEC1E2BB93]
[1]  [0x000007FEC1E2BB93]
[2]  [0x000007FEC1E2B4A1]
[3]  [0x000007FEC1E2B3EF]
[4]  [0x000007FEC1E119FE]
[5]  [0x000007FEC1E10ED1]
[6]  [0x000007FEC1E10D76]
[7]  [0x000007FEC1DB79F6]
[8]  [0x000007FEC1DA7AFB]
[9]  [0x000007FEC1ECE90A]
[10]  [0x000007FEC1EE9F87]
[11]  [0x000007FEC1EEA05F]
[12] (BaseThreadInitThunk+0xd) [0x00000000772C59CD]
[13] (RtlUserThreadStart+0x21) [0x00000000773FA561]
Done
