
*** Running vivado
    with args -log cpuram.vds -m64 -product Vivado -mode batch -messageDb vivado.pb -notrace -source cpuram.tcl


****** Vivado v2017.2 (64-bit)
  **** SW Build 1909853 on Thu Jun 15 18:39:10 MDT 2017
  **** IP Build 1909766 on Thu Jun 15 19:58:00 MDT 2017
    ** Copyright 1986-2017 Xilinx, Inc. All Rights Reserved.

source cpuram.tcl -notrace
Starting RTL Elaboration : Time (s): cpu = 00:00:04 ; elapsed = 00:00:05 . Memory (MB): peak = 1156.164 ; gain = 55.996 ; free physical = 4145 ; free virtual = 8303
INFO: [Synth 8-638] synthesizing module 'cpuram' [/home/jason/Documents/EGR426/EGR-426-Project-3/cpu.srcs/sources_1/ip/cpuram/synth/cpuram.vhd:69]
INFO: [Synth 8-256] done synthesizing module 'cpuram' (9#1) [/home/jason/Documents/EGR426/EGR-426-Project-3/cpu.srcs/sources_1/ip/cpuram/synth/cpuram.vhd:69]
Finished RTL Elaboration : Time (s): cpu = 00:00:51 ; elapsed = 00:00:51 . Memory (MB): peak = 1356.562 ; gain = 256.395 ; free physical = 4014 ; free virtual = 8276
Finished RTL Optimization Phase 1 : Time (s): cpu = 00:00:51 ; elapsed = 00:00:52 . Memory (MB): peak = 1356.562 ; gain = 256.395 ; free physical = 4009 ; free virtual = 8270
INFO: [Device 21-403] Loading part xc7a35tcpg236-1
Constraint Validation Runtime : Time (s): cpu = 00:00:00.02 ; elapsed = 00:00:00.02 . Memory (MB): peak = 1437.578 ; gain = 0.000 ; free physical = 3715 ; free virtual = 8012
Finished Constraint Validation : Time (s): cpu = 00:01:02 ; elapsed = 00:01:03 . Memory (MB): peak = 1437.578 ; gain = 337.410 ; free physical = 3792 ; free virtual = 8090
Finished Loading Part and Timing Information : Time (s): cpu = 00:01:02 ; elapsed = 00:01:03 . Memory (MB): peak = 1437.578 ; gain = 337.410 ; free physical = 3792 ; free virtual = 8090
Finished applying 'set_property' XDC Constraints : Time (s): cpu = 00:01:02 ; elapsed = 00:01:03 . Memory (MB): peak = 1437.578 ; gain = 337.410 ; free physical = 3792 ; free virtual = 8090
Finished RTL Optimization Phase 2 : Time (s): cpu = 00:01:02 ; elapsed = 00:01:03 . Memory (MB): peak = 1437.578 ; gain = 337.410 ; free physical = 3833 ; free virtual = 8131
Finished Cross Boundary and Area Optimization : Time (s): cpu = 00:01:02 ; elapsed = 00:01:03 . Memory (MB): peak = 1437.578 ; gain = 337.410 ; free physical = 3835 ; free virtual = 8132
Finished Applying XDC Timing Constraints : Time (s): cpu = 00:01:11 ; elapsed = 00:01:12 . Memory (MB): peak = 1471.578 ; gain = 371.410 ; free physical = 3577 ; free virtual = 7958
Finished Timing Optimization : Time (s): cpu = 00:01:11 ; elapsed = 00:01:12 . Memory (MB): peak = 1471.578 ; gain = 371.410 ; free physical = 3577 ; free virtual = 7958
Finished Technology Mapping : Time (s): cpu = 00:01:11 ; elapsed = 00:01:12 . Memory (MB): peak = 1481.594 ; gain = 381.426 ; free physical = 3574 ; free virtual = 7957
Finished IO Insertion : Time (s): cpu = 00:01:12 ; elapsed = 00:01:12 . Memory (MB): peak = 1481.594 ; gain = 381.426 ; free physical = 3552 ; free virtual = 7956
Finished Renaming Generated Instances : Time (s): cpu = 00:01:12 ; elapsed = 00:01:12 . Memory (MB): peak = 1481.594 ; gain = 381.426 ; free physical = 3552 ; free virtual = 7957
Finished Rebuilding User Hierarchy : Time (s): cpu = 00:01:12 ; elapsed = 00:01:12 . Memory (MB): peak = 1481.594 ; gain = 381.426 ; free physical = 3552 ; free virtual = 7957
Finished Renaming Generated Ports : Time (s): cpu = 00:01:12 ; elapsed = 00:01:12 . Memory (MB): peak = 1481.594 ; gain = 381.426 ; free physical = 3552 ; free virtual = 7957
Finished Handling Custom Attributes : Time (s): cpu = 00:01:12 ; elapsed = 00:01:12 . Memory (MB): peak = 1481.594 ; gain = 381.426 ; free physical = 3552 ; free virtual = 7957
Finished Renaming Generated Nets : Time (s): cpu = 00:01:12 ; elapsed = 00:01:12 . Memory (MB): peak = 1481.594 ; gain = 381.426 ; free physical = 3552 ; free virtual = 7957

Report Cell Usage: 
+------+---------+------+
|      |Cell     |Count |
+------+---------+------+
|1     |RAMB18E1 |     1|
+------+---------+------+
Finished Writing Synthesis Report : Time (s): cpu = 00:01:12 ; elapsed = 00:01:12 . Memory (MB): peak = 1481.594 ; gain = 381.426 ; free physical = 3552 ; free virtual = 7957
synth_design: Time (s): cpu = 00:01:13 ; elapsed = 00:01:13 . Memory (MB): peak = 1485.594 ; gain = 398.012 ; free physical = 3551 ; free virtual = 7986
