
*** Running vivado
    with args -log cpuram.vds -m64 -product Vivado -mode batch -messageDb vivado.pb -notrace -source cpuram.tcl


****** Vivado v2017.2 (64-bit)
  **** SW Build 1909853 on Thu Jun 15 18:39:09 MDT 2017
  **** IP Build 1909766 on Thu Jun 15 19:58:00 MDT 2017
    ** Copyright 1986-2017 Xilinx, Inc. All Rights Reserved.

source cpuram.tcl -notrace
Starting RTL Elaboration : Time (s): cpu = 00:00:06 ; elapsed = 00:00:06 . Memory (MB): peak = 319.555 ; gain = 84.984
INFO: [Synth 8-638] synthesizing module 'cpuram' [c:/Users/Jason/Desktop/EGR 426/Project3/EGR-426-Project-3/cpu.srcs/sources_1/ip/cpuram/synth/cpuram.vhd:69]
INFO: [Synth 8-256] done synthesizing module 'cpuram' (9#1) [c:/Users/Jason/Desktop/EGR 426/Project3/EGR-426-Project-3/cpu.srcs/sources_1/ip/cpuram/synth/cpuram.vhd:69]
Finished RTL Elaboration : Time (s): cpu = 00:00:54 ; elapsed = 00:00:56 . Memory (MB): peak = 576.762 ; gain = 342.191
Finished RTL Optimization Phase 1 : Time (s): cpu = 00:00:54 ; elapsed = 00:00:56 . Memory (MB): peak = 576.762 ; gain = 342.191
INFO: [Device 21-403] Loading part xc7a35tcpg236-1
Constraint Validation Runtime : Time (s): cpu = 00:00:00 ; elapsed = 00:00:00.013 . Memory (MB): peak = 613.547 ; gain = 1.316
Finished Constraint Validation : Time (s): cpu = 00:01:04 ; elapsed = 00:01:06 . Memory (MB): peak = 613.547 ; gain = 378.977
Finished Loading Part and Timing Information : Time (s): cpu = 00:01:04 ; elapsed = 00:01:06 . Memory (MB): peak = 613.547 ; gain = 378.977
Finished applying 'set_property' XDC Constraints : Time (s): cpu = 00:01:04 ; elapsed = 00:01:06 . Memory (MB): peak = 613.547 ; gain = 378.977
Finished RTL Optimization Phase 2 : Time (s): cpu = 00:01:04 ; elapsed = 00:01:07 . Memory (MB): peak = 613.547 ; gain = 378.977
Finished Cross Boundary and Area Optimization : Time (s): cpu = 00:01:04 ; elapsed = 00:01:07 . Memory (MB): peak = 613.547 ; gain = 378.977
Finished Applying XDC Timing Constraints : Time (s): cpu = 00:01:15 ; elapsed = 00:01:17 . Memory (MB): peak = 669.184 ; gain = 434.613
Finished Timing Optimization : Time (s): cpu = 00:01:15 ; elapsed = 00:01:17 . Memory (MB): peak = 669.250 ; gain = 434.680
Finished Technology Mapping : Time (s): cpu = 00:01:15 ; elapsed = 00:01:17 . Memory (MB): peak = 678.785 ; gain = 444.215
Finished IO Insertion : Time (s): cpu = 00:01:15 ; elapsed = 00:01:18 . Memory (MB): peak = 678.785 ; gain = 444.215
Finished Renaming Generated Instances : Time (s): cpu = 00:01:15 ; elapsed = 00:01:18 . Memory (MB): peak = 678.785 ; gain = 444.215
Finished Rebuilding User Hierarchy : Time (s): cpu = 00:01:15 ; elapsed = 00:01:18 . Memory (MB): peak = 678.785 ; gain = 444.215
Finished Renaming Generated Ports : Time (s): cpu = 00:01:15 ; elapsed = 00:01:18 . Memory (MB): peak = 678.785 ; gain = 444.215
Finished Handling Custom Attributes : Time (s): cpu = 00:01:15 ; elapsed = 00:01:18 . Memory (MB): peak = 678.785 ; gain = 444.215
Finished Renaming Generated Nets : Time (s): cpu = 00:01:15 ; elapsed = 00:01:18 . Memory (MB): peak = 678.785 ; gain = 444.215

Report Cell Usage: 
+------+---------+------+
|      |Cell     |Count |
+------+---------+------+
|1     |RAMB18E1 |     1|
+------+---------+------+
Finished Writing Synthesis Report : Time (s): cpu = 00:01:15 ; elapsed = 00:01:18 . Memory (MB): peak = 678.785 ; gain = 444.215
synth_design: Time (s): cpu = 00:01:17 ; elapsed = 00:01:20 . Memory (MB): peak = 689.473 ; gain = 456.766
