
*** Running vivado
    with args -log cpuram.vds -m64 -product Vivado -mode batch -messageDb vivado.pb -notrace -source cpuram.tcl


****** Vivado v2017.2 (64-bit)
  **** SW Build 1909853 on Thu Jun 15 18:39:09 MDT 2017
  **** IP Build 1909766 on Thu Jun 15 19:58:00 MDT 2017
    ** Copyright 1986-2017 Xilinx, Inc. All Rights Reserved.

source cpuram.tcl -notrace
Starting RTL Elaboration : Time (s): cpu = 00:00:06 ; elapsed = 00:00:06 . Memory (MB): peak = 320.430 ; gain = 85.855
INFO: [Synth 8-638] synthesizing module 'cpuram' [c:/Users/Jason/Desktop/EGR 426/Project3/EGR-426-Project-3/cpu.srcs/sources_1/ip/cpuram/synth/cpuram.vhd:69]
INFO: [Synth 8-256] done synthesizing module 'cpuram' (9#1) [c:/Users/Jason/Desktop/EGR 426/Project3/EGR-426-Project-3/cpu.srcs/sources_1/ip/cpuram/synth/cpuram.vhd:69]
Finished RTL Elaboration : Time (s): cpu = 00:00:54 ; elapsed = 00:00:55 . Memory (MB): peak = 577.488 ; gain = 342.914
Finished RTL Optimization Phase 1 : Time (s): cpu = 00:00:54 ; elapsed = 00:00:55 . Memory (MB): peak = 577.488 ; gain = 342.914
INFO: [Device 21-403] Loading part xc7a35tcpg236-1
Constraint Validation Runtime : Time (s): cpu = 00:00:00 ; elapsed = 00:00:00.013 . Memory (MB): peak = 615.301 ; gain = 1.500
Finished Constraint Validation : Time (s): cpu = 00:01:03 ; elapsed = 00:01:05 . Memory (MB): peak = 615.301 ; gain = 380.727
Finished Loading Part and Timing Information : Time (s): cpu = 00:01:04 ; elapsed = 00:01:05 . Memory (MB): peak = 615.301 ; gain = 380.727
Finished applying 'set_property' XDC Constraints : Time (s): cpu = 00:01:04 ; elapsed = 00:01:05 . Memory (MB): peak = 615.301 ; gain = 380.727
Finished RTL Optimization Phase 2 : Time (s): cpu = 00:01:04 ; elapsed = 00:01:05 . Memory (MB): peak = 615.301 ; gain = 380.727
Finished Cross Boundary and Area Optimization : Time (s): cpu = 00:01:04 ; elapsed = 00:01:05 . Memory (MB): peak = 615.301 ; gain = 380.727
Finished Applying XDC Timing Constraints : Time (s): cpu = 00:01:14 ; elapsed = 00:01:16 . Memory (MB): peak = 669.859 ; gain = 435.285
Finished Timing Optimization : Time (s): cpu = 00:01:14 ; elapsed = 00:01:16 . Memory (MB): peak = 669.934 ; gain = 435.359
Finished Technology Mapping : Time (s): cpu = 00:01:14 ; elapsed = 00:01:16 . Memory (MB): peak = 679.469 ; gain = 444.895
Finished IO Insertion : Time (s): cpu = 00:01:15 ; elapsed = 00:01:16 . Memory (MB): peak = 679.469 ; gain = 444.895
Finished Renaming Generated Instances : Time (s): cpu = 00:01:15 ; elapsed = 00:01:16 . Memory (MB): peak = 679.469 ; gain = 444.895
Finished Rebuilding User Hierarchy : Time (s): cpu = 00:01:15 ; elapsed = 00:01:16 . Memory (MB): peak = 679.469 ; gain = 444.895
Finished Renaming Generated Ports : Time (s): cpu = 00:01:15 ; elapsed = 00:01:16 . Memory (MB): peak = 679.469 ; gain = 444.895
Finished Handling Custom Attributes : Time (s): cpu = 00:01:15 ; elapsed = 00:01:16 . Memory (MB): peak = 679.469 ; gain = 444.895
Finished Renaming Generated Nets : Time (s): cpu = 00:01:15 ; elapsed = 00:01:16 . Memory (MB): peak = 679.469 ; gain = 444.895

Report Cell Usage: 
+------+---------+------+
|      |Cell     |Count |
+------+---------+------+
|1     |RAMB18E1 |     1|
+------+---------+------+
Finished Writing Synthesis Report : Time (s): cpu = 00:01:15 ; elapsed = 00:01:16 . Memory (MB): peak = 679.469 ; gain = 444.895
synth_design: Time (s): cpu = 00:01:16 ; elapsed = 00:01:19 . Memory (MB): peak = 689.824 ; gain = 457.004
