
*** Running vivado
    with args -log cpuram.vds -m64 -product Vivado -mode batch -messageDb vivado.pb -notrace -source cpuram.tcl


****** Vivado v2017.2 (64-bit)
  **** SW Build 1909853 on Thu Jun 15 18:39:09 MDT 2017
  **** IP Build 1909766 on Thu Jun 15 19:58:00 MDT 2017
    ** Copyright 1986-2017 Xilinx, Inc. All Rights Reserved.

source cpuram.tcl -notrace
Starting RTL Elaboration : Time (s): cpu = 00:00:06 ; elapsed = 00:00:06 . Memory (MB): peak = 320.355 ; gain = 85.797
INFO: [Synth 8-638] synthesizing module 'cpuram' [c:/Users/Jason/Desktop/EGR 426/Project3/EGR-426-Project-3/cpu.srcs/sources_1/ip/cpuram/synth/cpuram.vhd:69]
INFO: [Synth 8-256] done synthesizing module 'cpuram' (9#1) [c:/Users/Jason/Desktop/EGR 426/Project3/EGR-426-Project-3/cpu.srcs/sources_1/ip/cpuram/synth/cpuram.vhd:69]
Finished RTL Elaboration : Time (s): cpu = 00:00:55 ; elapsed = 00:00:55 . Memory (MB): peak = 577.316 ; gain = 342.758
Finished RTL Optimization Phase 1 : Time (s): cpu = 00:00:55 ; elapsed = 00:00:55 . Memory (MB): peak = 577.316 ; gain = 342.758
INFO: [Device 21-403] Loading part xc7a35tcpg236-1
Constraint Validation Runtime : Time (s): cpu = 00:00:00 ; elapsed = 00:00:00.013 . Memory (MB): peak = 615.367 ; gain = 1.313
Finished Constraint Validation : Time (s): cpu = 00:01:04 ; elapsed = 00:01:06 . Memory (MB): peak = 615.367 ; gain = 380.809
Finished Loading Part and Timing Information : Time (s): cpu = 00:01:04 ; elapsed = 00:01:06 . Memory (MB): peak = 615.367 ; gain = 380.809
Finished applying 'set_property' XDC Constraints : Time (s): cpu = 00:01:04 ; elapsed = 00:01:06 . Memory (MB): peak = 615.367 ; gain = 380.809
Finished RTL Optimization Phase 2 : Time (s): cpu = 00:01:04 ; elapsed = 00:01:06 . Memory (MB): peak = 615.367 ; gain = 380.809
Finished Cross Boundary and Area Optimization : Time (s): cpu = 00:01:05 ; elapsed = 00:01:06 . Memory (MB): peak = 615.367 ; gain = 380.809
Finished Applying XDC Timing Constraints : Time (s): cpu = 00:01:15 ; elapsed = 00:01:17 . Memory (MB): peak = 671.145 ; gain = 436.586
Finished Timing Optimization : Time (s): cpu = 00:01:15 ; elapsed = 00:01:17 . Memory (MB): peak = 671.219 ; gain = 436.660
Finished Technology Mapping : Time (s): cpu = 00:01:15 ; elapsed = 00:01:17 . Memory (MB): peak = 680.750 ; gain = 446.191
Finished IO Insertion : Time (s): cpu = 00:01:16 ; elapsed = 00:01:17 . Memory (MB): peak = 680.750 ; gain = 446.191
Finished Renaming Generated Instances : Time (s): cpu = 00:01:16 ; elapsed = 00:01:17 . Memory (MB): peak = 680.750 ; gain = 446.191
Finished Rebuilding User Hierarchy : Time (s): cpu = 00:01:16 ; elapsed = 00:01:17 . Memory (MB): peak = 680.750 ; gain = 446.191
Finished Renaming Generated Ports : Time (s): cpu = 00:01:16 ; elapsed = 00:01:17 . Memory (MB): peak = 680.750 ; gain = 446.191
Finished Handling Custom Attributes : Time (s): cpu = 00:01:16 ; elapsed = 00:01:17 . Memory (MB): peak = 680.750 ; gain = 446.191
Finished Renaming Generated Nets : Time (s): cpu = 00:01:16 ; elapsed = 00:01:17 . Memory (MB): peak = 680.750 ; gain = 446.191

Report Cell Usage: 
+------+---------+------+
|      |Cell     |Count |
+------+---------+------+
|1     |RAMB18E1 |     1|
+------+---------+------+
Finished Writing Synthesis Report : Time (s): cpu = 00:01:16 ; elapsed = 00:01:17 . Memory (MB): peak = 680.750 ; gain = 446.191
synth_design: Time (s): cpu = 00:01:18 ; elapsed = 00:01:20 . Memory (MB): peak = 691.168 ; gain = 458.340
